#
# A fatal error has been detected by the Java Runtime Environment:
#
#  EXCEPTION_ACCESS_VIOLATION (0xc0000005) at pc=0x00007fff2d5ad169, pid=20300, tid=5760
#
# JRE version: Java(TM) SE Runtime Environment (15.0+36) (build 15+36-1562)
# Java VM: Java HotSpot(TM) 64-Bit Server VM (15+36-1562, mixed mode, sharing, tiered, compressed oops, g1 gc, windows-amd64)
# Problematic frame:
# C  [ig11icd64.dll+0x56d169]
#
# No core dump will be written. Minidumps are not enabled by default on client versions of Windows
#
# If you would like to submit a bug report, please visit:
#   https://bugreport.java.com/bugreport/crash.jsp
#

---------------  S U M M A R Y ------------

Command Line: -Dfile.encoding=windows-1252 -Duser.country=US -Duser.language=en -Duser.variant main.Main

Host: Intel(R) Core(TM) i7-1065G7 CPU @ 1.30GHz, 8 cores, 7G,  Windows 10 , 64 bit Build 22000 (10.0.22000.708)
Time: Mon Aug  8 22:38:12 2022 Eastern Daylight Time elapsed time: 0.748816 seconds (0d 0h 0m 0s)

---------------  T H R E A D  ---------------

Current thread (0x000001ea60a215d0):  VMThread "VM Thread" [stack: 0x0000006439000000,0x0000006439100000] [id=5760]

Stack: [0x0000006439000000,0x0000006439100000],  sp=0x00000064390fe7f0,  free space=1017k
Native frames: (J=compiled Java code, j=interpreted, Vv=VM code, C=native code)
C  [ig11icd64.dll+0x56d169]


siginfo: EXCEPTION_ACCESS_VIOLATION (0xc0000005), reading address 0x0000000000035378


Register to memory mapping:

RIP=0x00007fff2d5ad169 ig11icd64.dll
RAX=0x000001ea67079a60 points into unknown readable memory: 0x000000000000003a | 3a 00 00 00 00 00 00 00
RBX=0x000001ea67079970 points into unknown readable memory: 0x000001ea61e27d40 | 40 7d e2 61 ea 01 00 00
RCX=0x0 is NULL
RDX=0x000001ea67079a60 points into unknown readable memory: 0x000000000000003a | 3a 00 00 00 00 00 00 00
RSP=0x00000064390fe7f0 points into unknown readable memory: 0x000001ea61e3cef0 | f0 ce e3 61 ea 01 00 00
RBP=0x000001ea67053da0 points into unknown readable memory: 0x000001ea61e27d40 | 40 7d e2 61 ea 01 00 00
RSI=0x000001ea67079ea8 points into unknown readable memory: 0x000001ea67053da0 | a0 3d 05 67 ea 01 00 00
RDI=0x000001ea61b92400 points into unknown readable memory: 0x00007fff2dd63200 | 00 32 d6 2d ff 7f 00 00
R8 =0x0000000000000014 is an unknown value
R9 =0x0 is NULL
R10=0x0 is NULL
R11=0x0000000000000246 is an unknown value
R12=0x0 is NULL
R13=0x0 is NULL
R14=0x0 is NULL
R15=0x0 is NULL


Registers:
RAX=0x000001ea67079a60, RBX=0x000001ea67079970, RCX=0x0000000000000000, RDX=0x000001ea67079a60
RSP=0x00000064390fe7f0, RBP=0x000001ea67053da0, RSI=0x000001ea67079ea8, RDI=0x000001ea61b92400
R8 =0x0000000000000014, R9 =0x0000000000000000, R10=0x0000000000000000, R11=0x0000000000000246
R12=0x0000000000000000, R13=0x0000000000000000, R14=0x0000000000000000, R15=0x0000000000000000
RIP=0x00007fff2d5ad169, EFLAGS=0x0000000000010206

Top of Stack: (sp=0x00000064390fe7f0)
0x00000064390fe7f0:   000001ea61e3cef0 0000000000000000
0x00000064390fe800:   00000064390fe838 0000005400000000
0x00000064390fe810:   00007fff2df9b740 0000000000000000
0x00000064390fe820:   000001ea61ed7f10 0000000000000060
0x00000064390fe830:   0000000000000000 00007fff2d58e3ea
0x00000064390fe840:   000001ea61e3cef0 000001ea61b92400
0x00000064390fe850:   00000064390fe940 000000000000003b
0x00000064390fe860:   0000006400000698 0000000000000000
0x00000064390fe870:   0000000000000000 00000064390feb00
0x00000064390fe880:   00000064390fe990 00007fff9f025c2b
0x00000064390fe890:   00000064390fea40 0000000000000000
0x00000064390fe8a0:   0000000000000000 00000064390fe8d8
0x00000064390fe8b0:   00000064390fe900 0000000000000000
0x00000064390fe8c0:   0000000000000000 0000000000000000
0x00000064390fe8d0:   0000000000000000 0000000000140012
0x00000064390fe8e0:   00007fff9d23dc08 0000000000000000 

Instructions: (pc=0x00007fff2d5ad169)
0x00007fff2d5ad069:   30 44 38 24 01 75 05 e8 a3 1b f9 ff 65 48 8b 04
0x00007fff2d5ad079:   25 58 00 00 00 41 be 20 00 00 00 48 8b 04 30 4d
0x00007fff2d5ad089:   8b 34 06 48 85 ed 0f 84 6f 03 00 00 66 66 66 0f
0x00007fff2d5ad099:   1f 84 00 00 00 00 00 48 8b dd 48 8d b5 38 05 00
0x00007fff2d5ad0a9:   00 48 8b 2e 45 84 ff 74 1d 48 8b 0b 48 8b d3 80
0x00007fff2d5ad0b9:   bb 8a 05 00 00 00 0f 85 f2 02 00 00 e8 a6 63 fe
0x00007fff2d5ad0c9:   ff e9 f4 02 00 00 8b 8f d0 01 00 00 48 8b 05 84
0x00007fff2d5ad0d9:   21 8f 00 83 b8 64 03 00 00 02 0f 85 f4 00 00 00
0x00007fff2d5ad0e9:   48 8d 93 f0 00 00 00 83 f9 10 73 04 8b c1 eb 56
0x00007fff2d5ad0f9:   44 8d 41 f0 41 8b c0 c1 e8 04 83 f8 03 73 20 0f
0x00007fff2d5ad109:   ae e8 41 83 e0 0f 4c 8b 8c c2 00 04 00 00 4d 85
0x00007fff2d5ad119:   c9 74 25 41 8b c0 48 c1 e0 06 49 03 c1 eb 2e 48
0x00007fff2d5ad129:   8b 82 18 04 00 00 48 85 c0 74 0d 39 08 74 29 48
0x00007fff2d5ad139:   8b 40 48 48 85 c0 75 f3 80 ba 20 04 00 00 00 74
0x00007fff2d5ad149:   1d 8b c1 83 e0 0f 48 c1 e0 06 48 03 c2 48 85 c0
0x00007fff2d5ad159:   74 0c 48 8b 48 08 eb 08 48 83 c0 08 eb ef 33 c9
0x00007fff2d5ad169:   49 3b 8e 78 53 03 00 76 6b 48 8b 87 80 02 00 00
0x00007fff2d5ad179:   48 89 06 48 89 9f 80 02 00 00 ff 87 88 02 00 00
0x00007fff2d5ad189:   48 8b 4b 08 48 8b 01 ba 01 00 00 00 48 8b 80 d8
0x00007fff2d5ad199:   02 00 00 ff 15 5e 54 59 00 0f b7 c8 48 2b c1 48
0x00007fff2d5ad1a9:   05 00 00 01 00 48 01 87 90 02 00 00 48 8b 4b 08
0x00007fff2d5ad1b9:   48 8b 01 ba 01 00 00 00 48 8b 80 d8 02 00 00 ff
0x00007fff2d5ad1c9:   15 32 54 59 00 48 01 87 a0 02 00 00 41 b4 01 e9
0x00007fff2d5ad1d9:   e6 01 00 00 44 8b 9f d0 01 00 00 48 8b 87 e8 01
0x00007fff2d5ad1e9:   00 00 4c 8b 10 8b 8f d0 01 00 00 48 8d 93 f0 00
0x00007fff2d5ad1f9:   00 00 83 f9 10 73 04 8b c1 eb 57 44 8d 41 f0 41
0x00007fff2d5ad209:   8b c0 c1 e8 04 83 f8 03 73 20 0f ae e8 41 83 e0
0x00007fff2d5ad219:   0f 4c 8b 8c c2 00 04 00 00 4d 85 c9 74 26 41 8b
0x00007fff2d5ad229:   c0 48 c1 e0 06 49 03 c1 eb 2f 48 8b 82 18 04 00
0x00007fff2d5ad239:   00 48 85 c0 74 0e 90 39 08 74 3c 48 8b 40 48 48
0x00007fff2d5ad249:   85 c0 75 f3 80 ba 20 04 00 00 00 74 1b 8b c1 83
0x00007fff2d5ad259:   e0 0f 48 c1 e0 06 48 03 c2 48 85 c0 74 0a 4c 39 


Stack slot to memory mapping:
stack at sp + 0 slots: 0x000001ea61e3cef0 points into unknown readable memory: 0xffffffffffffffff | ff ff ff ff ff ff ff ff
stack at sp + 1 slots: 0x0 is NULL
stack at sp + 2 slots: 0x00000064390fe838 points into unknown readable memory: 0x00007fff2d58e3ea | ea e3 58 2d ff 7f 00 00
stack at sp + 3 slots: 0x0000005400000000 is an unknown value
stack at sp + 4 slots: 0x00007fff2df9b740 ig11icd64.dll
stack at sp + 5 slots: 0x0 is NULL
stack at sp + 6 slots: 0x000001ea61ed7f10 points into unknown readable memory: 0x0000000000000000 | 00 00 00 00 00 00 00 00
stack at sp + 7 slots: 0x0000000000000060 is an unknown value

VM_Operation (0x0000006438afe4b0): Exit, mode: safepoint, requested by thread 0x000001ea420801d0


---------------  P R O C E S S  ---------------

Threads class SMR info:
_java_thread_list=0x000001ea61479bb0, length=11, elements={
0x000001ea420801d0, 0x000001ea60a234f0, 0x000001ea60a26770, 0x000001ea60a45d10,
0x000001ea60a466c0, 0x000001ea60a47070, 0x000001ea60a49d50, 0x000001ea60a4eaa0,
0x000001ea60a63c60, 0x000001ea61473880, 0x000001ea6147a650
}

Java Threads: ( => current thread )
  0x000001ea420801d0 JavaThread "main" [_thread_blocked, id=16200, stack(0x0000006438a00000,0x0000006438b00000)]
  0x000001ea60a234f0 JavaThread "Reference Handler" daemon [_thread_blocked, id=11284, stack(0x0000006439100000,0x0000006439200000)]
  0x000001ea60a26770 JavaThread "Finalizer" daemon [_thread_blocked, id=21808, stack(0x0000006439200000,0x0000006439300000)]
  0x000001ea60a45d10 JavaThread "Signal Dispatcher" daemon [_thread_blocked, id=2408, stack(0x0000006439300000,0x0000006439400000)]
  0x000001ea60a466c0 JavaThread "Attach Listener" daemon [_thread_blocked, id=22312, stack(0x0000006439400000,0x0000006439500000)]
  0x000001ea60a47070 JavaThread "Service Thread" daemon [_thread_blocked, id=23064, stack(0x0000006439500000,0x0000006439600000)]
  0x000001ea60a49d50 JavaThread "C2 CompilerThread0" daemon [_thread_blocked, id=22240, stack(0x0000006439600000,0x0000006439700000)]
  0x000001ea60a4eaa0 JavaThread "C1 CompilerThread0" daemon [_thread_blocked, id=20784, stack(0x0000006439700000,0x0000006439800000)]
  0x000001ea60a63c60 JavaThread "Sweeper thread" daemon [_thread_blocked, id=1728, stack(0x0000006439800000,0x0000006439900000)]
  0x000001ea61473880 JavaThread "Notification Thread" daemon [_thread_blocked, id=2568, stack(0x0000006439900000,0x0000006439a00000)]
  0x000001ea6147a650 JavaThread "Common-Cleaner" daemon [_thread_blocked, id=19532, stack(0x0000006439b00000,0x0000006439c00000)]

Other Threads:
=>0x000001ea60a215d0 VMThread "VM Thread" [stack: 0x0000006439000000,0x0000006439100000] [id=5760]
  0x000001ea420ba750 GCTaskThread "GC Thread#0" [stack: 0x0000006438b00000,0x0000006438c00000] [id=20788]
  0x000001ea61b8f100 GCTaskThread "GC Thread#1" [stack: 0x000000643a200000,0x000000643a300000] [id=14264]
  0x000001ea61b91410 GCTaskThread "GC Thread#2" [stack: 0x000000643a300000,0x000000643a400000] [id=16372]
  0x000001ea420cb220 ConcurrentGCThread "G1 Main Marker" [stack: 0x0000006438c00000,0x0000006438d00000] [id=15572]
  0x000001ea420cbd90 ConcurrentGCThread "G1 Conc#0" [stack: 0x0000006438d00000,0x0000006438e00000] [id=2416]
  0x000001ea42145730 ConcurrentGCThread "G1 Refine#0" [stack: 0x0000006438e00000,0x0000006438f00000] [id=7260]
  0x000001ea421462b0 ConcurrentGCThread "G1 Young RemSet Sampling" [stack: 0x0000006438f00000,0x0000006439000000] [id=1760]

Threads with active compile tasks:

VM state: at safepoint (shutting down)

VM Mutex/Monitor currently owned by a thread:  ([mutex/lock_event])
[0x000001ea42079ef0] Threads_lock - owner thread: 0x000001ea60a215d0
[0x000001ea4207b0f0] Heap_lock - owner thread: 0x000001ea420801d0

Heap address: 0x0000000083800000, size: 1992 MB, Compressed Oops mode: 32-bit
CDS archive(s) mapped at: [0x0000000800000000-0x0000000800b50000-0x0000000800b50000), size 11862016, SharedBaseAddress: 0x0000000800000000, ArchiveRelocationMode: 0.
Compressed class space mapped at: 0x0000000800b50000-0x0000000840b50000, size: 1073741824
Narrow klass base: 0x0000000800000000, Narrow klass shift: 3, Narrow klass range: 0x100000000

GC Precious Log:
 CPUs: 8 total, 8 available
 Memory: 7967M
 Large Page Support: Disabled
 NUMA Support: Disabled
 Compressed Oops: Enabled (32-bit)
 Heap Region Size: 1M
 Heap Min Capacity: 8M
 Heap Initial Capacity: 126M
 Heap Max Capacity: 1992M
 Pre-touch: Disabled
 Parallel Workers: 8
 Concurrent Workers: 2
 Concurrent Refinement Workers: 8
 Periodic GC: Disabled

Heap:
 garbage-first heap   total 129024K, used 5961K [0x0000000083800000, 0x0000000100000000)
  region size 1024K, 7 young (7168K), 3 survivors (3072K)
 Metaspace       used 8780K, capacity 11285K, committed 11520K, reserved 1060864K
  class space    used 715K, capacity 971K, committed 1024K, reserved 1048576K

Heap Regions: E=young(eden), S=young(survivor), O=old, HS=humongous(starts), HC=humongous(continues), CS=collection set, F=free, OA=open archive, CA=closed archive, TAMS=top-at-mark-start (previous, next)
|   0|0x0000000083800000, 0x0000000083800000, 0x0000000083900000|  0%| F|  |TAMS 0x0000000083800000, 0x0000000083800000| Untracked 
|   1|0x0000000083900000, 0x0000000083900000, 0x0000000083a00000|  0%| F|  |TAMS 0x0000000083900000, 0x0000000083900000| Untracked 
|   2|0x0000000083a00000, 0x0000000083a00000, 0x0000000083b00000|  0%| F|  |TAMS 0x0000000083a00000, 0x0000000083a00000| Untracked 
|   3|0x0000000083b00000, 0x0000000083b00000, 0x0000000083c00000|  0%| F|  |TAMS 0x0000000083b00000, 0x0000000083b00000| Untracked 
|   4|0x0000000083c00000, 0x0000000083c00000, 0x0000000083d00000|  0%| F|  |TAMS 0x0000000083c00000, 0x0000000083c00000| Untracked 
|   5|0x0000000083d00000, 0x0000000083d00000, 0x0000000083e00000|  0%| F|  |TAMS 0x0000000083d00000, 0x0000000083d00000| Untracked 
|   6|0x0000000083e00000, 0x0000000083e00000, 0x0000000083f00000|  0%| F|  |TAMS 0x0000000083e00000, 0x0000000083e00000| Untracked 
|   7|0x0000000083f00000, 0x0000000083f00000, 0x0000000084000000|  0%| F|  |TAMS 0x0000000083f00000, 0x0000000083f00000| Untracked 
|   8|0x0000000084000000, 0x0000000084000000, 0x0000000084100000|  0%| F|  |TAMS 0x0000000084000000, 0x0000000084000000| Untracked 
|   9|0x0000000084100000, 0x0000000084100000, 0x0000000084200000|  0%| F|  |TAMS 0x0000000084100000, 0x0000000084100000| Untracked 
|  10|0x0000000084200000, 0x0000000084200000, 0x0000000084300000|  0%| F|  |TAMS 0x0000000084200000, 0x0000000084200000| Untracked 
|  11|0x0000000084300000, 0x0000000084300000, 0x0000000084400000|  0%| F|  |TAMS 0x0000000084300000, 0x0000000084300000| Untracked 
|  12|0x0000000084400000, 0x0000000084400000, 0x0000000084500000|  0%| F|  |TAMS 0x0000000084400000, 0x0000000084400000| Untracked 
|  13|0x0000000084500000, 0x0000000084500000, 0x0000000084600000|  0%| F|  |TAMS 0x0000000084500000, 0x0000000084500000| Untracked 
|  14|0x0000000084600000, 0x0000000084600000, 0x0000000084700000|  0%| F|  |TAMS 0x0000000084600000, 0x0000000084600000| Untracked 
|  15|0x0000000084700000, 0x0000000084700000, 0x0000000084800000|  0%| F|  |TAMS 0x0000000084700000, 0x0000000084700000| Untracked 
|  16|0x0000000084800000, 0x0000000084800000, 0x0000000084900000|  0%| F|  |TAMS 0x0000000084800000, 0x0000000084800000| Untracked 
|  17|0x0000000084900000, 0x0000000084900000, 0x0000000084a00000|  0%| F|  |TAMS 0x0000000084900000, 0x0000000084900000| Untracked 
|  18|0x0000000084a00000, 0x0000000084a00000, 0x0000000084b00000|  0%| F|  |TAMS 0x0000000084a00000, 0x0000000084a00000| Untracked 
|  19|0x0000000084b00000, 0x0000000084b00000, 0x0000000084c00000|  0%| F|  |TAMS 0x0000000084b00000, 0x0000000084b00000| Untracked 
|  20|0x0000000084c00000, 0x0000000084c00000, 0x0000000084d00000|  0%| F|  |TAMS 0x0000000084c00000, 0x0000000084c00000| Untracked 
|  21|0x0000000084d00000, 0x0000000084d00000, 0x0000000084e00000|  0%| F|  |TAMS 0x0000000084d00000, 0x0000000084d00000| Untracked 
|  22|0x0000000084e00000, 0x0000000084e00000, 0x0000000084f00000|  0%| F|  |TAMS 0x0000000084e00000, 0x0000000084e00000| Untracked 
|  23|0x0000000084f00000, 0x0000000084f00000, 0x0000000085000000|  0%| F|  |TAMS 0x0000000084f00000, 0x0000000084f00000| Untracked 
|  24|0x0000000085000000, 0x0000000085000000, 0x0000000085100000|  0%| F|  |TAMS 0x0000000085000000, 0x0000000085000000| Untracked 
|  25|0x0000000085100000, 0x0000000085100000, 0x0000000085200000|  0%| F|  |TAMS 0x0000000085100000, 0x0000000085100000| Untracked 
|  26|0x0000000085200000, 0x0000000085200000, 0x0000000085300000|  0%| F|  |TAMS 0x0000000085200000, 0x0000000085200000| Untracked 
|  27|0x0000000085300000, 0x0000000085300000, 0x0000000085400000|  0%| F|  |TAMS 0x0000000085300000, 0x0000000085300000| Untracked 
|  28|0x0000000085400000, 0x0000000085400000, 0x0000000085500000|  0%| F|  |TAMS 0x0000000085400000, 0x0000000085400000| Untracked 
|  29|0x0000000085500000, 0x0000000085500000, 0x0000000085600000|  0%| F|  |TAMS 0x0000000085500000, 0x0000000085500000| Untracked 
|  30|0x0000000085600000, 0x0000000085600000, 0x0000000085700000|  0%| F|  |TAMS 0x0000000085600000, 0x0000000085600000| Untracked 
|  31|0x0000000085700000, 0x0000000085700000, 0x0000000085800000|  0%| F|  |TAMS 0x0000000085700000, 0x0000000085700000| Untracked 
|  32|0x0000000085800000, 0x0000000085800000, 0x0000000085900000|  0%| F|  |TAMS 0x0000000085800000, 0x0000000085800000| Untracked 
|  33|0x0000000085900000, 0x0000000085900000, 0x0000000085a00000|  0%| F|  |TAMS 0x0000000085900000, 0x0000000085900000| Untracked 
|  34|0x0000000085a00000, 0x0000000085a00000, 0x0000000085b00000|  0%| F|  |TAMS 0x0000000085a00000, 0x0000000085a00000| Untracked 
|  35|0x0000000085b00000, 0x0000000085b00000, 0x0000000085c00000|  0%| F|  |TAMS 0x0000000085b00000, 0x0000000085b00000| Untracked 
|  36|0x0000000085c00000, 0x0000000085c00000, 0x0000000085d00000|  0%| F|  |TAMS 0x0000000085c00000, 0x0000000085c00000| Untracked 
|  37|0x0000000085d00000, 0x0000000085d00000, 0x0000000085e00000|  0%| F|  |TAMS 0x0000000085d00000, 0x0000000085d00000| Untracked 
|  38|0x0000000085e00000, 0x0000000085e00000, 0x0000000085f00000|  0%| F|  |TAMS 0x0000000085e00000, 0x0000000085e00000| Untracked 
|  39|0x0000000085f00000, 0x0000000085f00000, 0x0000000086000000|  0%| F|  |TAMS 0x0000000085f00000, 0x0000000085f00000| Untracked 
|  40|0x0000000086000000, 0x0000000086000000, 0x0000000086100000|  0%| F|  |TAMS 0x0000000086000000, 0x0000000086000000| Untracked 
|  41|0x0000000086100000, 0x0000000086100000, 0x0000000086200000|  0%| F|  |TAMS 0x0000000086100000, 0x0000000086100000| Untracked 
|  42|0x0000000086200000, 0x0000000086200000, 0x0000000086300000|  0%| F|  |TAMS 0x0000000086200000, 0x0000000086200000| Untracked 
|  43|0x0000000086300000, 0x0000000086300000, 0x0000000086400000|  0%| F|  |TAMS 0x0000000086300000, 0x0000000086300000| Untracked 
|  44|0x0000000086400000, 0x0000000086400000, 0x0000000086500000|  0%| F|  |TAMS 0x0000000086400000, 0x0000000086400000| Untracked 
|  45|0x0000000086500000, 0x0000000086500000, 0x0000000086600000|  0%| F|  |TAMS 0x0000000086500000, 0x0000000086500000| Untracked 
|  46|0x0000000086600000, 0x0000000086600000, 0x0000000086700000|  0%| F|  |TAMS 0x0000000086600000, 0x0000000086600000| Untracked 
|  47|0x0000000086700000, 0x0000000086700000, 0x0000000086800000|  0%| F|  |TAMS 0x0000000086700000, 0x0000000086700000| Untracked 
|  48|0x0000000086800000, 0x0000000086800000, 0x0000000086900000|  0%| F|  |TAMS 0x0000000086800000, 0x0000000086800000| Untracked 
|  49|0x0000000086900000, 0x0000000086900000, 0x0000000086a00000|  0%| F|  |TAMS 0x0000000086900000, 0x0000000086900000| Untracked 
|  50|0x0000000086a00000, 0x0000000086a00000, 0x0000000086b00000|  0%| F|  |TAMS 0x0000000086a00000, 0x0000000086a00000| Untracked 
|  51|0x0000000086b00000, 0x0000000086b00000, 0x0000000086c00000|  0%| F|  |TAMS 0x0000000086b00000, 0x0000000086b00000| Untracked 
|  52|0x0000000086c00000, 0x0000000086c00000, 0x0000000086d00000|  0%| F|  |TAMS 0x0000000086c00000, 0x0000000086c00000| Untracked 
|  53|0x0000000086d00000, 0x0000000086d00000, 0x0000000086e00000|  0%| F|  |TAMS 0x0000000086d00000, 0x0000000086d00000| Untracked 
|  54|0x0000000086e00000, 0x0000000086e00000, 0x0000000086f00000|  0%| F|  |TAMS 0x0000000086e00000, 0x0000000086e00000| Untracked 
|  55|0x0000000086f00000, 0x0000000086f00000, 0x0000000087000000|  0%| F|  |TAMS 0x0000000086f00000, 0x0000000086f00000| Untracked 
|  56|0x0000000087000000, 0x0000000087000000, 0x0000000087100000|  0%| F|  |TAMS 0x0000000087000000, 0x0000000087000000| Untracked 
|  57|0x0000000087100000, 0x0000000087100000, 0x0000000087200000|  0%| F|  |TAMS 0x0000000087100000, 0x0000000087100000| Untracked 
|  58|0x0000000087200000, 0x0000000087200000, 0x0000000087300000|  0%| F|  |TAMS 0x0000000087200000, 0x0000000087200000| Untracked 
|  59|0x0000000087300000, 0x0000000087300000, 0x0000000087400000|  0%| F|  |TAMS 0x0000000087300000, 0x0000000087300000| Untracked 
|  60|0x0000000087400000, 0x0000000087400000, 0x0000000087500000|  0%| F|  |TAMS 0x0000000087400000, 0x0000000087400000| Untracked 
|  61|0x0000000087500000, 0x0000000087500000, 0x0000000087600000|  0%| F|  |TAMS 0x0000000087500000, 0x0000000087500000| Untracked 
|  62|0x0000000087600000, 0x0000000087600000, 0x0000000087700000|  0%| F|  |TAMS 0x0000000087600000, 0x0000000087600000| Untracked 
|  63|0x0000000087700000, 0x0000000087700000, 0x0000000087800000|  0%| F|  |TAMS 0x0000000087700000, 0x0000000087700000| Untracked 
|  64|0x0000000087800000, 0x0000000087800000, 0x0000000087900000|  0%| F|  |TAMS 0x0000000087800000, 0x0000000087800000| Untracked 
|  65|0x0000000087900000, 0x0000000087900000, 0x0000000087a00000|  0%| F|  |TAMS 0x0000000087900000, 0x0000000087900000| Untracked 
|  66|0x0000000087a00000, 0x0000000087a00000, 0x0000000087b00000|  0%| F|  |TAMS 0x0000000087a00000, 0x0000000087a00000| Untracked 
|  67|0x0000000087b00000, 0x0000000087b00000, 0x0000000087c00000|  0%| F|  |TAMS 0x0000000087b00000, 0x0000000087b00000| Untracked 
|  68|0x0000000087c00000, 0x0000000087c00000, 0x0000000087d00000|  0%| F|  |TAMS 0x0000000087c00000, 0x0000000087c00000| Untracked 
|  69|0x0000000087d00000, 0x0000000087d00000, 0x0000000087e00000|  0%| F|  |TAMS 0x0000000087d00000, 0x0000000087d00000| Untracked 
|  70|0x0000000087e00000, 0x0000000087e00000, 0x0000000087f00000|  0%| F|  |TAMS 0x0000000087e00000, 0x0000000087e00000| Untracked 
|  71|0x0000000087f00000, 0x0000000087f00000, 0x0000000088000000|  0%| F|  |TAMS 0x0000000087f00000, 0x0000000087f00000| Untracked 
|  72|0x0000000088000000, 0x0000000088000000, 0x0000000088100000|  0%| F|  |TAMS 0x0000000088000000, 0x0000000088000000| Untracked 
|  73|0x0000000088100000, 0x0000000088100000, 0x0000000088200000|  0%| F|  |TAMS 0x0000000088100000, 0x0000000088100000| Untracked 
|  74|0x0000000088200000, 0x0000000088200000, 0x0000000088300000|  0%| F|  |TAMS 0x0000000088200000, 0x0000000088200000| Untracked 
|  75|0x0000000088300000, 0x0000000088300000, 0x0000000088400000|  0%| F|  |TAMS 0x0000000088300000, 0x0000000088300000| Untracked 
|  76|0x0000000088400000, 0x0000000088400000, 0x0000000088500000|  0%| F|  |TAMS 0x0000000088400000, 0x0000000088400000| Untracked 
|  77|0x0000000088500000, 0x0000000088500000, 0x0000000088600000|  0%| F|  |TAMS 0x0000000088500000, 0x0000000088500000| Untracked 
|  78|0x0000000088600000, 0x0000000088600000, 0x0000000088700000|  0%| F|  |TAMS 0x0000000088600000, 0x0000000088600000| Untracked 
|  79|0x0000000088700000, 0x0000000088700000, 0x0000000088800000|  0%| F|  |TAMS 0x0000000088700000, 0x0000000088700000| Untracked 
|  80|0x0000000088800000, 0x0000000088800000, 0x0000000088900000|  0%| F|  |TAMS 0x0000000088800000, 0x0000000088800000| Untracked 
|  81|0x0000000088900000, 0x0000000088900000, 0x0000000088a00000|  0%| F|  |TAMS 0x0000000088900000, 0x0000000088900000| Untracked 
|  82|0x0000000088a00000, 0x0000000088a00000, 0x0000000088b00000|  0%| F|  |TAMS 0x0000000088a00000, 0x0000000088a00000| Untracked 
|  83|0x0000000088b00000, 0x0000000088b00000, 0x0000000088c00000|  0%| F|  |TAMS 0x0000000088b00000, 0x0000000088b00000| Untracked 
|  84|0x0000000088c00000, 0x0000000088c00000, 0x0000000088d00000|  0%| F|  |TAMS 0x0000000088c00000, 0x0000000088c00000| Untracked 
|  85|0x0000000088d00000, 0x0000000088d00000, 0x0000000088e00000|  0%| F|  |TAMS 0x0000000088d00000, 0x0000000088d00000| Untracked 
|  86|0x0000000088e00000, 0x0000000088e00000, 0x0000000088f00000|  0%| F|  |TAMS 0x0000000088e00000, 0x0000000088e00000| Untracked 
|  87|0x0000000088f00000, 0x0000000088f00000, 0x0000000089000000|  0%| F|  |TAMS 0x0000000088f00000, 0x0000000088f00000| Untracked 
|  88|0x0000000089000000, 0x0000000089000000, 0x0000000089100000|  0%| F|  |TAMS 0x0000000089000000, 0x0000000089000000| Untracked 
|  89|0x0000000089100000, 0x0000000089100000, 0x0000000089200000|  0%| F|  |TAMS 0x0000000089100000, 0x0000000089100000| Untracked 
|  90|0x0000000089200000, 0x0000000089200000, 0x0000000089300000|  0%| F|  |TAMS 0x0000000089200000, 0x0000000089200000| Untracked 
|  91|0x0000000089300000, 0x0000000089300000, 0x0000000089400000|  0%| F|  |TAMS 0x0000000089300000, 0x0000000089300000| Untracked 
|  92|0x0000000089400000, 0x0000000089400000, 0x0000000089500000|  0%| F|  |TAMS 0x0000000089400000, 0x0000000089400000| Untracked 
|  93|0x0000000089500000, 0x0000000089500000, 0x0000000089600000|  0%| F|  |TAMS 0x0000000089500000, 0x0000000089500000| Untracked 
|  94|0x0000000089600000, 0x0000000089600000, 0x0000000089700000|  0%| F|  |TAMS 0x0000000089600000, 0x0000000089600000| Untracked 
|  95|0x0000000089700000, 0x0000000089700000, 0x0000000089800000|  0%| F|  |TAMS 0x0000000089700000, 0x0000000089700000| Untracked 
|  96|0x0000000089800000, 0x0000000089800000, 0x0000000089900000|  0%| F|  |TAMS 0x0000000089800000, 0x0000000089800000| Untracked 
|  97|0x0000000089900000, 0x0000000089900000, 0x0000000089a00000|  0%| F|  |TAMS 0x0000000089900000, 0x0000000089900000| Untracked 
|  98|0x0000000089a00000, 0x0000000089a00000, 0x0000000089b00000|  0%| F|  |TAMS 0x0000000089a00000, 0x0000000089a00000| Untracked 
|  99|0x0000000089b00000, 0x0000000089b00000, 0x0000000089c00000|  0%| F|  |TAMS 0x0000000089b00000, 0x0000000089b00000| Untracked 
| 100|0x0000000089c00000, 0x0000000089cd2680, 0x0000000089d00000| 82%| S|CS|TAMS 0x0000000089c00000, 0x0000000089c00000| Complete 
| 101|0x0000000089d00000, 0x0000000089e00000, 0x0000000089e00000|100%| S|CS|TAMS 0x0000000089d00000, 0x0000000089d00000| Complete 
| 102|0x0000000089e00000, 0x0000000089f00000, 0x0000000089f00000|100%| S|CS|TAMS 0x0000000089e00000, 0x0000000089e00000| Complete 
| 103|0x0000000089f00000, 0x0000000089f00000, 0x000000008a000000|  0%| F|  |TAMS 0x0000000089f00000, 0x0000000089f00000| Untracked 
| 104|0x000000008a000000, 0x000000008a000000, 0x000000008a100000|  0%| F|  |TAMS 0x000000008a000000, 0x000000008a000000| Untracked 
| 105|0x000000008a100000, 0x000000008a100000, 0x000000008a200000|  0%| F|  |TAMS 0x000000008a100000, 0x000000008a100000| Untracked 
| 106|0x000000008a200000, 0x000000008a200000, 0x000000008a300000|  0%| F|  |TAMS 0x000000008a200000, 0x000000008a200000| Untracked 
| 107|0x000000008a300000, 0x000000008a300000, 0x000000008a400000|  0%| F|  |TAMS 0x000000008a300000, 0x000000008a300000| Untracked 
| 108|0x000000008a400000, 0x000000008a400000, 0x000000008a500000|  0%| F|  |TAMS 0x000000008a400000, 0x000000008a400000| Untracked 
| 109|0x000000008a500000, 0x000000008a500000, 0x000000008a600000|  0%| F|  |TAMS 0x000000008a500000, 0x000000008a500000| Untracked 
| 110|0x000000008a600000, 0x000000008a600000, 0x000000008a700000|  0%| F|  |TAMS 0x000000008a600000, 0x000000008a600000| Untracked 
| 111|0x000000008a700000, 0x000000008a700000, 0x000000008a800000|  0%| F|  |TAMS 0x000000008a700000, 0x000000008a700000| Untracked 
| 112|0x000000008a800000, 0x000000008a800000, 0x000000008a900000|  0%| F|  |TAMS 0x000000008a800000, 0x000000008a800000| Untracked 
| 113|0x000000008a900000, 0x000000008a900000, 0x000000008aa00000|  0%| F|  |TAMS 0x000000008a900000, 0x000000008a900000| Untracked 
| 114|0x000000008aa00000, 0x000000008aa00000, 0x000000008ab00000|  0%| F|  |TAMS 0x000000008aa00000, 0x000000008aa00000| Untracked 
| 115|0x000000008ab00000, 0x000000008ab00000, 0x000000008ac00000|  0%| F|  |TAMS 0x000000008ab00000, 0x000000008ab00000| Untracked 
| 116|0x000000008ac00000, 0x000000008ac00000, 0x000000008ad00000|  0%| F|  |TAMS 0x000000008ac00000, 0x000000008ac00000| Untracked 
| 117|0x000000008ad00000, 0x000000008ad00000, 0x000000008ae00000|  0%| F|  |TAMS 0x000000008ad00000, 0x000000008ad00000| Untracked 
| 118|0x000000008ae00000, 0x000000008ae00000, 0x000000008af00000|  0%| F|  |TAMS 0x000000008ae00000, 0x000000008ae00000| Untracked 
| 119|0x000000008af00000, 0x000000008af00000, 0x000000008b000000|  0%| F|  |TAMS 0x000000008af00000, 0x000000008af00000| Untracked 
| 120|0x000000008b000000, 0x000000008b000000, 0x000000008b100000|  0%| F|  |TAMS 0x000000008b000000, 0x000000008b000000| Untracked 
| 121|0x000000008b100000, 0x000000008b100000, 0x000000008b200000|  0%| F|  |TAMS 0x000000008b100000, 0x000000008b100000| Untracked 
| 122|0x000000008b200000, 0x000000008b300000, 0x000000008b300000|100%| E|  |TAMS 0x000000008b200000, 0x000000008b200000| Complete 
| 123|0x000000008b300000, 0x000000008b400000, 0x000000008b400000|100%| E|CS|TAMS 0x000000008b300000, 0x000000008b300000| Complete 
| 124|0x000000008b400000, 0x000000008b500000, 0x000000008b500000|100%| E|CS|TAMS 0x000000008b400000, 0x000000008b400000| Complete 
| 125|0x000000008b500000, 0x000000008b600000, 0x000000008b600000|100%| E|CS|TAMS 0x000000008b500000, 0x000000008b500000| Complete 

Card table byte_map: [0x000001ea599e0000,0x000001ea59dd0000] _byte_map_base: 0x000001ea595c4000

Marking Bits (Prev, Next): (CMBitMap*) 0x000001ea420baec0, (CMBitMap*) 0x000001ea420baf00
 Prev Bits: [0x000001ea5a1c0000, 0x000001ea5c0e0000)
 Next Bits: [0x000001ea5c0e0000, 0x000001ea5e000000)

Polling page: 0x000001ea40050000

Metaspace:

Usage:
  Non-class:     10.07 MB capacity,     7.88 MB ( 78%) used,     2.19 MB ( 22%) free+waste,    10.31 KB ( <1%) overhead. 
      Class:    971.00 KB capacity,   715.48 KB ( 74%) used,   252.02 KB ( 26%) free+waste,     3.50 KB ( <1%) overhead. 
       Both:     11.02 MB capacity,     8.57 MB ( 78%) used,     2.43 MB ( 22%) free+waste,    13.81 KB ( <1%) overhead. 

Virtual space:
  Non-class space:       12.00 MB reserved,      10.25 MB ( 85%) committed 
      Class space:        1.00 GB reserved,       1.00 MB ( <1%) committed 
             Both:        1.01 GB reserved,      11.25 MB (  1%) committed 

Chunk freelists:
   Non-Class:  118.00 KB
       Class:  21.00 KB
        Both:  139.00 KB

MaxMetaspaceSize: 17179869184.00 GB
CompressedClassSpaceSize: 1.00 GB

CodeHeap 'non-profiled nmethods': size=120000Kb used=281Kb max_used=281Kb free=119718Kb
 bounds [0x000001ea51d80000, 0x000001ea51ff0000, 0x000001ea592b0000]
CodeHeap 'profiled nmethods': size=120000Kb used=1771Kb max_used=1771Kb free=118228Kb
 bounds [0x000001ea4a850000, 0x000001ea4aac0000, 0x000001ea51d80000]
CodeHeap 'non-nmethods': size=5760Kb used=1740Kb max_used=1754Kb free=4020Kb
 bounds [0x000001ea4a2b0000, 0x000001ea4a520000, 0x000001ea4a850000]
 total_blobs=2139 nmethods=975 adapters=1077
 compilation: enabled
              stopped_count=0, restarted_count=0
 full_count=0

Compilation events (20 events):
Event: 0.713 Thread 0x000001ea60a4eaa0  960       3       java.util.concurrent.ConcurrentHashMap$ValuesView::iterator (34 bytes)
Event: 0.713 Thread 0x000001ea60a4eaa0 nmethod 960 0x000001ea4aa06110 code [0x000001ea4aa062c0, 0x000001ea4aa064e8]
Event: 0.715 Thread 0x000001ea60a4eaa0  961       3       java.lang.invoke.MethodHandleNatives::refKindIsField (32 bytes)
Event: 0.715 Thread 0x000001ea60a4eaa0 nmethod 961 0x000001ea4aa06610 code [0x000001ea4aa067a0, 0x000001ea4aa068f8]
Event: 0.715 Thread 0x000001ea60a4eaa0  963       3       jdk.internal.org.objectweb.asm.Handler::getExceptionTableLength (21 bytes)
Event: 0.715 Thread 0x000001ea60a4eaa0 nmethod 963 0x000001ea4aa06990 code [0x000001ea4aa06b20, 0x000001ea4aa06cb8]
Event: 0.715 Thread 0x000001ea60a4eaa0  965       3       sun.invoke.util.BytecodeDescriptor::unparseSig (49 bytes)
Event: 0.716 Thread 0x000001ea60a4eaa0 nmethod 965 0x000001ea4aa06d90 code [0x000001ea4aa06fa0, 0x000001ea4aa074a8]
Event: 0.716 Thread 0x000001ea60a4eaa0  966       3       sun.invoke.util.VerifyAccess::isClassAccessible (230 bytes)
Event: 0.717 Thread 0x000001ea60a4eaa0 nmethod 966 0x000001ea4aa07710 code [0x000001ea4aa07aa0, 0x000001ea4aa090a8]
Event: 0.717 Thread 0x000001ea60a4eaa0  971       3       java.lang.invoke.LambdaForm::internArgument (85 bytes)
Event: 0.717 Thread 0x000001ea60a4eaa0 nmethod 971 0x000001ea4aa09710 code [0x000001ea4aa098e0, 0x000001ea4aa09c08]
Event: 0.717 Thread 0x000001ea60a4eaa0  967       3       java.util.concurrent.ConcurrentHashMap::isEmpty (15 bytes)
Event: 0.717 Thread 0x000001ea60a4eaa0 nmethod 967 0x000001ea4aa09e10 code [0x000001ea4aa09fc0, 0x000001ea4aa0a148]
Event: 0.719 Thread 0x000001ea60a4eaa0  973       3       java.lang.invoke.MemberName::getType (19 bytes)
Event: 0.719 Thread 0x000001ea60a49d50  974       4       java.lang.invoke.MethodType::parameterType (7 bytes)
Event: 0.719 Thread 0x000001ea60a4eaa0 nmethod 973 0x000001ea4aa0a210 code [0x000001ea4aa0a3e0, 0x000001ea4aa0a778]
Event: 0.720 Thread 0x000001ea60a49d50 nmethod 974 0x000001ea51dc6190 code [0x000001ea51dc6300, 0x000001ea51dc6398]
Event: 0.720 Thread 0x000001ea60a4eaa0  975       3       sun.nio.cs.SingleByte$Encoder::encode (32 bytes)
Event: 0.721 Thread 0x000001ea60a4eaa0 nmethod 975 0x000001ea4aa0a890 code [0x000001ea4aa0aa40, 0x000001ea4aa0abf8]

GC Heap History (2 events):
Event: 0.490 GC heap before
{Heap before GC invocations=0 (full 0):
 garbage-first heap   total 129024K, used 22528K [0x0000000083800000, 0x0000000100000000)
  region size 1024K, 23 young (23552K), 0 survivors (0K)
 Metaspace       used 6943K, capacity 9485K, committed 9728K, reserved 1058816K
  class space    used 660K, capacity 901K, committed 1024K, reserved 1048576K
}
Event: 0.493 GC heap after
{Heap after GC invocations=1 (full 0):
 garbage-first heap   total 129024K, used 2889K [0x0000000083800000, 0x0000000100000000)
  region size 1024K, 3 young (3072K), 3 survivors (3072K)
 Metaspace       used 6943K, capacity 9485K, committed 9728K, reserved 1058816K
  class space    used 660K, capacity 901K, committed 1024K, reserved 1048576K
}

Deoptimization events (20 events):
Event: 0.294 Thread 0x000001ea420801d0 Uncommon trap: trap_request=0xffffff45 fr.pc=0x000001ea51d9f0dc relative=0x000000000000043c
Event: 0.294 Thread 0x000001ea420801d0 Uncommon trap: reason=unstable_if action=reinterpret pc=0x000001ea51d9f0dc method=java.lang.StringLatin1.newString([BII)Ljava/lang/String; @ 1 c2
Event: 0.294 Thread 0x000001ea420801d0 DEOPT PACKING pc=0x000001ea51d9f0dc sp=0x0000006438afda60
Event: 0.294 Thread 0x000001ea420801d0 DEOPT UNPACKING pc=0x000001ea4a2b852f sp=0x0000006438afd9c0 mode 2
Event: 0.302 Thread 0x000001ea420801d0 Uncommon trap: trap_request=0xffffff45 fr.pc=0x000001ea51d913a8 relative=0x0000000000000208
Event: 0.302 Thread 0x000001ea420801d0 Uncommon trap: reason=unstable_if action=reinterpret pc=0x000001ea51d913a8 method=java.lang.String.startsWith(Ljava/lang/String;I)Z @ 14 c2
Event: 0.302 Thread 0x000001ea420801d0 DEOPT PACKING pc=0x000001ea51d913a8 sp=0x0000006438afebd0
Event: 0.302 Thread 0x000001ea420801d0 DEOPT UNPACKING pc=0x000001ea4a2b852f sp=0x0000006438afeb30 mode 2
Event: 0.311 Thread 0x000001ea420801d0 DEOPT PACKING pc=0x000001ea4a8a3e10 sp=0x0000006438afd6a0
Event: 0.311 Thread 0x000001ea420801d0 DEOPT UNPACKING pc=0x000001ea4a2ff6cf sp=0x0000006438afcbb8 mode 0
Event: 0.480 Thread 0x000001ea420801d0 Uncommon trap: trap_request=0xffffff45 fr.pc=0x000001ea51da66fc relative=0x000000000000005c
Event: 0.480 Thread 0x000001ea420801d0 Uncommon trap: reason=unstable_if action=reinterpret pc=0x000001ea51da66fc method=sun.net.www.ParseUtil.firstEncodeIndex(Ljava/lang/String;)I @ 51 c2
Event: 0.480 Thread 0x000001ea420801d0 DEOPT PACKING pc=0x000001ea51da66fc sp=0x0000006438afe320
Event: 0.480 Thread 0x000001ea420801d0 DEOPT UNPACKING pc=0x000001ea4a2b852f sp=0x0000006438afe2a8 mode 2
Event: 0.480 Thread 0x000001ea420801d0 DEOPT PACKING pc=0x000001ea4a87e8d5 sp=0x0000006438afe000
Event: 0.480 Thread 0x000001ea420801d0 DEOPT UNPACKING pc=0x000001ea4a2ff6cf sp=0x0000006438afd460 mode 0
Event: 0.508 Thread 0x000001ea420801d0 Uncommon trap: trap_request=0xffffff54 fr.pc=0x000001ea51dbbe60 relative=0x0000000000000060
Event: 0.508 Thread 0x000001ea420801d0 Uncommon trap: reason=speculate_null_assert action=make_not_entrant pc=0x000001ea51dbbe60 method=sun.misc.Unsafe.putLong(Ljava/lang/Object;JJ)V @ 7 c2
Event: 0.508 Thread 0x000001ea420801d0 DEOPT PACKING pc=0x000001ea51dbbe60 sp=0x0000006438afeef0
Event: 0.508 Thread 0x000001ea420801d0 DEOPT UNPACKING pc=0x000001ea4a2b852f sp=0x0000006438afee68 mode 2

Classes unloaded (0 events):
No events

Classes redefined (0 events):
No events

Internal exceptions (20 events):
Event: 0.365 Thread 0x000001ea420801d0 Exception <a 'sun/nio/fs/WindowsException'{0x000000008a19e520}> (0x000000008a19e520) 
thrown [./open/src/hotspot/share/prims/jni.cpp, line 578]
Event: 0.374 Thread 0x000001ea420801d0 Exception <a 'java/lang/NoSuchMethodError'{0x000000008a1fca08}: 'int java.lang.invoke.DirectMethodHandle$Holder.invokeStaticInit(java.lang.Object, java.lang.Object, int, long)'> (0x000000008a1fca08) 
thrown [./open/src/hotspot/share/interpreter/linkResolver.cpp, line 782]
Event: 0.375 Thread 0x000001ea420801d0 Exception <a 'java/lang/NoSuchMethodError'{0x000000008a002c20}: 'java.lang.Object java.lang.invoke.DirectMethodHandle$Holder.newInvokeSpecial(java.lang.Object, java.lang.Object, int)'> (0x000000008a002c20) 
thrown [./open/src/hotspot/share/interpreter/linkResolver.cpp, line 782]
Event: 0.376 Thread 0x000001ea420801d0 Exception <a 'java/lang/NoSuchMethodError'{0x000000008a013188}: 'int java.lang.invoke.DirectMethodHandle$Holder.invokeStaticInit(java.lang.Object, java.lang.Object, long, long)'> (0x000000008a013188) 
thrown [./open/src/hotspot/share/interpreter/linkResolver.cpp, line 782]
Event: 0.378 Thread 0x000001ea420801d0 Exception <a 'java/lang/NoSuchMethodError'{0x000000008a019608}: 'java.lang.Object java.lang.invoke.DirectMethodHandle$Holder.newInvokeSpecial(java.lang.Object, java.lang.Object, long)'> (0x000000008a019608) 
thrown [./open/src/hotspot/share/interpreter/linkResolver.cpp, line 782]
Event: 0.379 Thread 0x000001ea420801d0 Exception <a 'java/lang/NoSuchMethodError'{0x000000008a01d750}: 'java.lang.Object java.lang.invoke.Invokers$Holder.linkToTargetMethod(java.lang.Object, long, java.lang.Object)'> (0x000000008a01d750) 
thrown [./open/src/hotspot/share/interpreter/linkResolver.cpp, line 782]
Event: 0.380 Thread 0x000001ea420801d0 Exception <a 'java/lang/NoSuchMethodError'{0x000000008a025130}: 'int java.lang.invoke.DirectMethodHandle$Holder.invokeStaticInit(java.lang.Object, java.lang.Object, java.lang.Object, long)'> (0x000000008a025130) 
thrown [./open/src/hotspot/share/interpreter/linkResolver.cpp, line 782]
Event: 0.396 Thread 0x000001ea420801d0 Exception <a 'sun/nio/fs/WindowsException'{0x000000008a0f2690}> (0x000000008a0f2690) 
thrown [./open/src/hotspot/share/prims/jni.cpp, line 578]
Event: 0.396 Thread 0x000001ea420801d0 Exception <a 'sun/nio/fs/WindowsException'{0x000000008a0f29f0}> (0x000000008a0f29f0) 
thrown [./open/src/hotspot/share/prims/jni.cpp, line 578]
Event: 0.483 Thread 0x000001ea420801d0 Exception <a 'sun/nio/fs/WindowsException'{0x0000000089f84410}> (0x0000000089f84410) 
thrown [./open/src/hotspot/share/prims/jni.cpp, line 578]
Event: 0.483 Thread 0x000001ea420801d0 Exception <a 'sun/nio/fs/WindowsException'{0x0000000089f847b8}> (0x0000000089f847b8) 
thrown [./open/src/hotspot/share/prims/jni.cpp, line 578]
Event: 0.485 Thread 0x000001ea420801d0 Exception <a 'sun/nio/fs/WindowsException'{0x0000000089f92838}> (0x0000000089f92838) 
thrown [./open/src/hotspot/share/prims/jni.cpp, line 578]
Event: 0.486 Thread 0x000001ea420801d0 Exception <a 'sun/nio/fs/WindowsException'{0x0000000089f92b18}> (0x0000000089f92b18) 
thrown [./open/src/hotspot/share/prims/jni.cpp, line 578]
Event: 0.582 Thread 0x000001ea420801d0 Exception <a 'sun/nio/fs/WindowsException'{0x000000008b340a10}> (0x000000008b340a10) 
thrown [./open/src/hotspot/share/prims/jni.cpp, line 578]
Event: 0.714 Thread 0x000001ea420801d0 Exception <a 'sun/nio/fs/WindowsException'{0x000000008b27b298}> (0x000000008b27b298) 
thrown [./open/src/hotspot/share/prims/jni.cpp, line 578]
Event: 0.715 Thread 0x000001ea420801d0 Exception <a 'sun/nio/fs/WindowsException'{0x000000008b27b418}> (0x000000008b27b418) 
thrown [./open/src/hotspot/share/prims/jni.cpp, line 578]
Event: 0.715 Thread 0x000001ea420801d0 Exception <a 'java/lang/NoSuchMethodError'{0x000000008b27c370}: 'void java.lang.invoke.DirectMethodHandle$Holder.invokeStatic(java.lang.Object, java.lang.Object, java.lang.Object)'> (0x000000008b27c370) 
thrown [./open/src/hotspot/share/interpreter/linkResolver.cpp, line 782]
Event: 0.718 Thread 0x000001ea420801d0 Exception <a 'sun/nio/fs/WindowsException'{0x000000008b28b200}> (0x000000008b28b200) 
thrown [./open/src/hotspot/share/prims/jni.cpp, line 578]
Event: 0.718 Thread 0x000001ea420801d0 Exception <a 'sun/nio/fs/WindowsException'{0x000000008b28b380}> (0x000000008b28b380) 
thrown [./open/src/hotspot/share/prims/jni.cpp, line 578]
Event: 0.719 Thread 0x000001ea420801d0 Exception <a 'java/lang/NoSuchMethodError'{0x000000008b28c3c8}: 'void java.lang.invoke.DirectMethodHandle$Holder.invokeVirtual(java.lang.Object, java.lang.Object)'> (0x000000008b28c3c8) 
thrown [./open/src/hotspot/share/interpreter/linkResolver.cpp, line 782]

Events (20 events):
Event: 0.493 Executing VM operation: G1CollectForAllocation done
Event: 0.493 Executing VM operation: HandshakeAllThreads
Event: 0.493 Executing VM operation: HandshakeAllThreads done
Event: 0.512 Loaded shared library C:\Users\lando\AppData\Local\Temp\lwjgllando\3.3.1-build-7\lwjgl_opengl.dll
Event: 0.579 loading class java/io/UncheckedIOException
Event: 0.579 loading class java/io/UncheckedIOException done
Event: 0.582 loading class java/nio/file/StandardCopyOption
Event: 0.582 loading class java/nio/file/StandardCopyOption done
Event: 0.635 loading class java/io/DeleteOnExitHook
Event: 0.635 loading class java/io/DeleteOnExitHook done
Event: 0.636 loading class java/io/DeleteOnExitHook$1
Event: 0.636 loading class java/io/DeleteOnExitHook$1 done
Event: 0.658 Loaded shared library C:\Users\lando\AppData\Local\Temp\imgui-java-natives_1660012692438\imgui-java64.dll
Event: 0.719 loading class java/lang/Throwable$WrappedPrintStream
Event: 0.720 loading class java/lang/Throwable$PrintStreamOrWriter
Event: 0.720 loading class java/lang/Throwable$PrintStreamOrWriter done
Event: 0.720 loading class java/lang/Throwable$WrappedPrintStream done
Event: 0.720 loading class java/lang/StackTraceElement$HashedModules
Event: 0.720 loading class java/lang/StackTraceElement$HashedModules done
Event: 0.723 Executing VM operation: Exit


Dynamic libraries:
0x00007ff6e8430000 - 0x00007ff6e843f000 	C:\Program Files\Java\jdk-15\bin\java.exe
0x00007fff9efe0000 - 0x00007fff9f1e9000 	C:\WINDOWS\SYSTEM32\ntdll.dll
0x00007fff9ded0000 - 0x00007fff9df8d000 	C:\WINDOWS\System32\KERNEL32.DLL
0x00007fff9c610000 - 0x00007fff9c989000 	C:\WINDOWS\System32\KERNELBASE.dll
0x00007fff9c4f0000 - 0x00007fff9c601000 	C:\WINDOWS\System32\ucrtbase.dll
0x00007fff7faf0000 - 0x00007fff7fb09000 	C:\Program Files\Java\jdk-15\bin\VCRUNTIME140.dll
0x00007fff90d50000 - 0x00007fff90d68000 	C:\Program Files\Java\jdk-15\bin\jli.dll
0x00007fff9d7c0000 - 0x00007fff9d86e000 	C:\WINDOWS\System32\ADVAPI32.dll
0x00007fff9eef0000 - 0x00007fff9ef93000 	C:\WINDOWS\System32\msvcrt.dll
0x00007fff9cf50000 - 0x00007fff9cfee000 	C:\WINDOWS\System32\sechost.dll
0x00007fff9e890000 - 0x00007fff9e9b0000 	C:\WINDOWS\System32\RPCRT4.dll
0x00007fff9d5b0000 - 0x00007fff9d75c000 	C:\WINDOWS\System32\USER32.dll
0x00007fff865a0000 - 0x00007fff86845000 	C:\WINDOWS\WinSxS\amd64_microsoft.windows.common-controls_6595b64144ccf1df_6.0.22000.120_none_9d947278b86cc467\COMCTL32.dll
0x00007fff9c4c0000 - 0x00007fff9c4e6000 	C:\WINDOWS\System32\win32u.dll
0x00007fff9d990000 - 0x00007fff9d9b9000 	C:\WINDOWS\System32\GDI32.dll
0x00007fff9ccd0000 - 0x00007fff9cde2000 	C:\WINDOWS\System32\gdi32full.dll
0x00007fff9c990000 - 0x00007fff9ca2d000 	C:\WINDOWS\System32\msvcp_win.dll
0x00007fff92ea0000 - 0x00007fff92eaa000 	C:\WINDOWS\SYSTEM32\VERSION.dll
0x00007fff9de90000 - 0x00007fff9dec1000 	C:\WINDOWS\System32\IMM32.DLL
0x00007fff959c0000 - 0x00007fff959cc000 	C:\Program Files\Java\jdk-15\bin\vcruntime140_1.dll
0x00007fff68ed0000 - 0x00007fff68f61000 	C:\Program Files\Java\jdk-15\bin\msvcp140.dll
0x00007fff33300000 - 0x00007fff33e5c000 	C:\Program Files\Java\jdk-15\bin\server\jvm.dll
0x00007fff9cf40000 - 0x00007fff9cf48000 	C:\WINDOWS\System32\PSAPI.DLL
0x00007fff94f60000 - 0x00007fff94f69000 	C:\WINDOWS\SYSTEM32\WSOCK32.dll
0x00007fff91440000 - 0x00007fff91473000 	C:\WINDOWS\SYSTEM32\WINMM.dll
0x00007fff9d540000 - 0x00007fff9d5af000 	C:\WINDOWS\System32\WS2_32.dll
0x00007fff9b5c0000 - 0x00007fff9b5d8000 	C:\WINDOWS\SYSTEM32\kernel.appcore.dll
0x00007fff878f0000 - 0x00007fff878fa000 	C:\Program Files\Java\jdk-15\bin\jimage.dll
0x00007fff99860000 - 0x00007fff99a81000 	C:\WINDOWS\SYSTEM32\DBGHELP.DLL
0x00007fff8e390000 - 0x00007fff8e3c1000 	C:\WINDOWS\SYSTEM32\dbgcore.DLL
0x00007fff9cdf0000 - 0x00007fff9ce6f000 	C:\WINDOWS\System32\bcryptPrimitives.dll
0x00007fff7fac0000 - 0x00007fff7fae5000 	C:\Program Files\Java\jdk-15\bin\java.dll
0x00007fff9e040000 - 0x00007fff9e7f8000 	C:\WINDOWS\System32\SHELL32.dll
0x00007fff9a630000 - 0x00007fff9ae97000 	C:\WINDOWS\SYSTEM32\windows.storage.dll
0x00007fff9eb70000 - 0x00007fff9eee9000 	C:\WINDOWS\System32\combase.dll
0x00007fff9a4c0000 - 0x00007fff9a626000 	C:\WINDOWS\SYSTEM32\wintypes.dll
0x00007fff9d430000 - 0x00007fff9d51a000 	C:\WINDOWS\System32\SHCORE.dll
0x00007fff9d760000 - 0x00007fff9d7bd000 	C:\WINDOWS\System32\shlwapi.dll
0x00007fff9c3f0000 - 0x00007fff9c411000 	C:\WINDOWS\SYSTEM32\profapi.dll
0x00007fff7faa0000 - 0x00007fff7fab9000 	C:\Program Files\Java\jdk-15\bin\net.dll
0x00007fff935b0000 - 0x00007fff936bc000 	C:\WINDOWS\SYSTEM32\WINHTTP.dll
0x00007fff9ba60000 - 0x00007fff9bac7000 	C:\WINDOWS\system32\mswsock.dll
0x00007fff75820000 - 0x00007fff75832000 	C:\Program Files\Java\jdk-15\bin\nio.dll
0x00007fff75800000 - 0x00007fff75818000 	C:\Program Files\Java\jdk-15\bin\zip.dll
0x00007fff773a0000 - 0x00007fff77415000 	C:\Users\lando\AppData\Local\Temp\lwjgllando\3.3.1-build-7\lwjgl.dll
0x00007fff771d0000 - 0x00007fff77231000 	C:\Users\lando\AppData\Local\Temp\lwjgllando\3.3.1-build-7\glfw.dll
0x00007fff77070000 - 0x00007fff770b5000 	C:\WINDOWS\SYSTEM32\dinput8.dll
0x00007fff89f80000 - 0x00007fff89f91000 	C:\WINDOWS\SYSTEM32\xinput1_4.dll
0x00007fff9c140000 - 0x00007fff9c18c000 	C:\WINDOWS\SYSTEM32\cfgmgr32.dll
0x00007fff9c110000 - 0x00007fff9c13c000 	C:\WINDOWS\SYSTEM32\DEVOBJ.dll
0x00007fff99e20000 - 0x00007fff99e4f000 	C:\WINDOWS\SYSTEM32\dwmapi.dll
0x00007fff71e20000 - 0x00007fff71fe9000 	C:\WINDOWS\SYSTEM32\inputhost.dll
0x00007fff95a80000 - 0x00007fff95bb2000 	C:\WINDOWS\SYSTEM32\CoreMessaging.dll
0x00007fff95ee0000 - 0x00007fff95f8c000 	C:\WINDOWS\system32\uxtheme.dll
0x00007fff9d870000 - 0x00007fff9d98e000 	C:\WINDOWS\System32\MSCTF.dll
0x00007fff9bcc0000 - 0x00007fff9bccc000 	C:\WINDOWS\SYSTEM32\CRYPTBASE.DLL
0x00007fff58390000 - 0x00007fff58491000 	C:\WINDOWS\SYSTEM32\opengl32.dll
0x00007fff5cba0000 - 0x00007fff5cbcd000 	C:\WINDOWS\SYSTEM32\GLU32.dll
0x00007fff99640000 - 0x00007fff99678000 	C:\WINDOWS\SYSTEM32\dxcore.dll
0x00007fff936c0000 - 0x00007fff93704000 	C:\WINDOWS\SYSTEM32\directxdatabasehelper.dll
0x00007fff99dc0000 - 0x00007fff99df4000 	C:\WINDOWS\SYSTEM32\ntmarta.dll
0x00007fff9df90000 - 0x00007fff9e03f000 	C:\WINDOWS\System32\clbcatq.dll
0x00007fff2d040000 - 0x00007fff2e065000 	C:\WINDOWS\System32\DriverStore\FileRepository\iigd_dch.inf_amd64_e6980897e3126266\ig11icd64.dll
0x00007fff9d290000 - 0x00007fff9d42a000 	C:\WINDOWS\System32\ole32.dll
0x00007fff99730000 - 0x00007fff99823000 	C:\WINDOWS\system32\dxgi.dll
0x00007fff2e3e0000 - 0x00007fff2e81c000 	C:\WINDOWS\System32\DriverStore\FileRepository\iigd_dch.inf_amd64_e6980897e3126266\igdml64.dll
0x00007fff8dee0000 - 0x00007fff8e216000 	C:\WINDOWS\System32\DriverStore\FileRepository\iigd_dch.inf_amd64_e6980897e3126266\igdgmm64.dll
0x00007fff8b150000 - 0x00007fff8dedf000 	C:\WINDOWS\System32\DriverStore\FileRepository\iigd_dch.inf_amd64_e6980897e3126266\igc64.dll
0x00007fff9c390000 - 0x00007fff9c3dd000 	C:\WINDOWS\SYSTEM32\powrprof.dll
0x00007fff9c2c0000 - 0x00007fff9c2d3000 	C:\WINDOWS\SYSTEM32\UMPDC.dll
0x00007fff77010000 - 0x00007fff7706d000 	C:\Users\lando\AppData\Local\Temp\lwjgllando\3.3.1-build-7\lwjgl_opengl.dll
0x00007fff6dd20000 - 0x00007fff6de4d000 	C:\WINDOWS\SYSTEM32\textinputframework.dll
0x00007fff9d190000 - 0x00007fff9d266000 	C:\WINDOWS\System32\OLEAUT32.dll
0x00007fff92ac0000 - 0x00007fff92e2d000 	C:\WINDOWS\SYSTEM32\CoreUIComponents.dll
0x0000000064a00000 - 0x000000006578a000 	C:\Users\lando\AppData\Local\Temp\imgui-java-natives_1660012692438\imgui-java64.dll

dbghelp: loaded successfully - version: 4.0.5 - missing functions: none
symbol engine: initialized successfully - sym options: 0x614 - pdb path: .;C:\Program Files\Java\jdk-15\bin;C:\WINDOWS\SYSTEM32;C:\WINDOWS\WinSxS\amd64_microsoft.windows.common-controls_6595b64144ccf1df_6.0.22000.120_none_9d947278b86cc467;C:\Program Files\Java\jdk-15\bin\server;C:\Users\lando\AppData\Local\Temp\lwjgllando\3.3.1-build-7;C:\WINDOWS\System32\DriverStore\FileRepository\iigd_dch.inf_amd64_e6980897e3126266;C:\Users\lando\AppData\Local\Temp\imgui-java-natives_1660012692438

VM Arguments:
jvm_args: -Dfile.encoding=windows-1252 -Duser.country=US -Duser.language=en -Duser.variant 
java_command: main.Main
java_class_path (initial): C:\Users\lando\Desktop\Coding\Java\RadiumProjectManager\build\classes\java\main;C:\Users\lando\Desktop\Coding\Java\RadiumProjectManager\build\resources\main;C:\Users\lando\.gradle\caches\modules-2\files-2.1\org.eclipse.jgit\org.eclipse.jgit\3.5.0.201409260305-r\2711e4e836e76c3ebc4fe2277c201c96339d4ebb\org.eclipse.jgit-3.5.0.201409260305-r.jar;C:\Users\lando\.gradle\caches\modules-2\files-2.1\com.fasterxml.jackson.core\jackson-annotations\2.13.3\7198b3aac15285a49e218e08441c5f70af00fc51\jackson-annotations-2.13.3.jar;C:\Users\lando\.gradle\caches\modules-2\files-2.1\com.fasterxml.jackson.core\jackson-core\2.13.3\a27014716e4421684416e5fa83d896ddb87002da\jackson-core-2.13.3.jar;C:\Users\lando\.gradle\caches\modules-2\files-2.1\com.fasterxml.jackson.core\jackson-databind\2.13.3\56deb9ea2c93a7a556b3afbedd616d342963464e\jackson-databind-2.13.3.jar;C:\Users\lando\.gradle\caches\modules-2\files-2.1\io.github.spair\imgui-java-lwjgl3\1.86.4\a538b7aa58be1c26e0dfe0b5395aaf58cb24e3dd\imgui-java-lwjgl3-1.86.4.jar;C:\Users\lando\.gradle\caches\modules-2\files-2.1\io.github.spair\imgui-java-binding\1.86.4\f97d32963ed5988b19f725d6c7d9946091cc3ba7\imgui-java-binding-1.86.4.jar;C:\Users\lando\.gradle\caches\modules-2\files-2.1\io.github.spair\imgui-java-natives-windows\1.86.4\36a4efa5030585dedd9a96aa35a4433371b63df9\imgui-java-natives-windows-1.86.4.jar;C:\Users\lando\.gradle\caches\modules-2\files-2.1\org.lwjgl\lwjgl-assimp\3.3.1\312072f451794f25670aebb0160ce6ec88aff842\lwjgl-assimp-3.3.1.jar;C:\Users\lando\.gradle\caches\modules-2\files-2.1\org.lwjgl\lwjgl-assimp\3.3.1\bfa2a0d57acbf952b716d0ad8a3acbd7ad9f5639\lwjgl-assimp-3.3.1-natives-windows.jar;C:\Users\lando\.gradle\caches\modules-2\files-2.1\org.lwjgl\lwjgl-glfw\3.3.1\cbac1b8d30cb4795149c1ef540f912671a8616d0\lwjgl-glfw-3.3.1.jar;C:\Users\lando\.gradle\caches\modules-2\files-2.1\org.lwjgl\lwjgl-glfw\3.3.1\ed892f945cf7e79c8756796f32d00fa4ceaf573b\lwjgl-glfw-3.3.1-natives-windows.jar;C:\Users\lando\.gra
Launcher Type: SUN_STANDARD

[Global flags]
     intx CICompilerCount                          = 4                                         {product} {ergonomic}
     uint ConcGCThreads                            = 2                                         {product} {ergonomic}
     uint G1ConcRefinementThreads                  = 8                                         {product} {ergonomic}
   size_t G1HeapRegionSize                         = 1048576                                   {product} {ergonomic}
    uintx GCDrainStackTargetSize                   = 64                                        {product} {ergonomic}
   size_t InitialHeapSize                          = 132120576                                 {product} {ergonomic}
   size_t MarkStackSize                            = 4194304                                   {product} {ergonomic}
   size_t MaxHeapSize                              = 2088763392                                {product} {ergonomic}
   size_t MaxNewSize                               = 1253048320                                {product} {ergonomic}
   size_t MinHeapDeltaBytes                        = 1048576                                   {product} {ergonomic}
   size_t MinHeapSize                              = 8388608                                   {product} {ergonomic}
    uintx NonNMethodCodeHeapSize                   = 5839372                                {pd product} {ergonomic}
    uintx NonProfiledCodeHeapSize                  = 122909434                              {pd product} {ergonomic}
    uintx ProfiledCodeHeapSize                     = 122909434                              {pd product} {ergonomic}
    uintx ReservedCodeCacheSize                    = 251658240                              {pd product} {ergonomic}
     bool SegmentedCodeCache                       = true                                      {product} {ergonomic}
   size_t SoftMaxHeapSize                          = 2088763392                             {manageable} {ergonomic}
     bool UseCompressedClassPointers               = true                                 {lp64_product} {ergonomic}
     bool UseCompressedOops                        = true                                 {lp64_product} {ergonomic}
     bool UseG1GC                                  = true                                      {product} {ergonomic}
     bool UseLargePagesIndividualAllocation        = false                                  {pd product} {ergonomic}

Logging:
Log output configuration:
 #0: stdout all=off uptime,level,tags
 #1: stderr all=off uptime,level,tags

Environment Variables:
PATH=C:\VulkanSDK\1.3.216.0\Bin;C:\Program Files (x86)\VMware\VMware Player\bin\;C:\Python39\Scripts\;C:\Python39\;C:\Program Files\Java\jdk-15\bin;C:\Program Files (x86)\Python38-32\Scripts\;C:\Program Files (x86)\Python38-32\;C:\WINDOWS\system32;C:\WINDOWS;C:\WINDOWS\System32\Wbem;C:\WINDOWS\System32\WindowsPowerShell\v1.0\;C:\WINDOWS\System32\OpenSSH\;C:\Program Files\Microsoft SQL Server\130\Tools\Binn\;C:\Program Files\Git\cmd;C:\Program Files (x86)\GtkSharp\2.12\bin;C:\Program Files\dotnet\;C:\Program Files\Git LFS;C:\Users\lando\anaconda3;C:\Users\lando\anaconda3\Scripts;C:\ProgramData\chocolatey\bin;C:\Program Files\Microsoft SQL Server\150\Tools\Binn\;C:\WINDOWS\system32;C:\WINDOWS;C:\WINDOWS\System32\Wbem;C:\WINDOWS\System32\WindowsPowerShell\v1.0\;C:\WINDOWS\System32\OpenSSH\;C:\Program Files (x86)\RadiumCLI;C:\Program Files\nodejs\;C:\Users\lando\Documents\;C:\Users\lando\AppData\Local\Programs\Python\Python36\Scripts\;C:\Users\lando\AppData\Local\Programs\Python\Python36\;C:\Program Files\heroku\bin;C:\Users\lando\Documents\flutter\bin;C:\Users\lando\Documents\ffmpeg\bin;C:\Users\lando\AppData\Local\Programs\Microsoft VS Code\bin;C:\MinGW\bin;C:\Users\lando\.dotnet\tools;C:\Users\lando\.deno\bin;C:\Users\lando\AppData\Local\Microsoft\WindowsApps;C:\gradle\gradle-6.8.2\bin;C:\Users\lando\.dotnet\tools;C:\Program Files (x86)\RadiumCLI;C:\Users\lando\AppData\Roaming\npm;C:\Users\lando\Documents\;C:\Users\lando\Desktop\Coding\Java Script;C:\Users\lando\AppData\Local\atom\bin;
USERNAME=lando
OS=Windows_NT
PROCESSOR_IDENTIFIER=Intel64 Family 6 Model 126 Stepping 5, GenuineIntel



---------------  S Y S T E M  ---------------

OS:
 Windows 10 , 64 bit Build 22000 (10.0.22000.708)
OS uptime: 0 days 10:36 hours

CPU: total 8 (initial active 8) (4 cores per cpu, 2 threads per core) family 6 model 126 stepping 5, cmov, cx8, fxsr, mmx, sse, sse2, sse3, ssse3, sse4.1, sse4.2, popcnt, vzeroupper, avx, avx2, aes, clmul, erms, 3dnowpref, lzcnt, ht, tsc, tscinvbit, bmi1, bmi2, adx, avx512f, avx512dq, avx512cd, avx512bw, avx512vl, avx512_vpopcntdq, avx512_vpclmulqdq, avx512_vbmi, avx512_vbmi2, avx512_vaes, avx512_vnni, sha, fma, clflush, clflushopt

Memory: 4k page, system-wide physical 7967M (620M free)
TotalPageFile size 15935M (AvailPageFile size 5986M)
current process WorkingSet (physical memory assigned to process): 143M, peak: 148M
current process commit charge ("private bytes"): 264M, peak: 264M

vm_info: Java HotSpot(TM) 64-Bit Server VM (15+36-1562) for windows-amd64 JRE (15+36-1562), built on Aug 11 2020 22:38:02 by "mach5one" with unknown MS VC++:1925

END.
